<?xml version="1.0" encoding="UTF-8"?>
<!-- Generated by org.testng.reporters.JUnitReportReporter -->
<testsuite hostname="E-5CG2203KXG" failures="0" tests="4" name="com.selenium.ui.account_management.login.HomePageAuthenticatedUser" time="443.538" errors="0" timestamp="09 Oct 2022 15:39:30 GMT" skipped="0">
  <testcase classname="com.selenium.ui.account_management.login.HomePageAuthenticatedUser" name="login_verifyTwitterLink" time="63.311"/>
  <testcase classname="com.selenium.ui.account_management.login.HomePageAuthenticatedUser" name="login_verifyLinkedInLink" time="146.681"/>
  <testcase classname="com.selenium.ui.account_management.login.HomePageAuthenticatedUser" name="login_verifyFacebookLink" time="31.225"/>
  <testcase classname="com.selenium.ui.account_management.login.HomePageAuthenticatedUser" name="login_verifyGoogleLink" time="202.321"/>
</testsuite> <!-- com.selenium.ui.account_management.login.HomePageAuthenticatedUser -->
